mode: set
github.com/obynonwane/broker-service/cmd/api/handlers.go:83.67,90.16 3 0
github.com/obynonwane/broker-service/cmd/api/handlers.go:90.16,93.3 2 0
github.com/obynonwane/broker-service/cmd/api/handlers.go:96.2,96.66 1 0
github.com/obynonwane/broker-service/cmd/api/handlers.go:96.66,99.3 2 0
github.com/obynonwane/broker-service/cmd/api/handlers.go:102.2,109.16 4 0
github.com/obynonwane/broker-service/cmd/api/handlers.go:109.16,113.3 3 0
github.com/obynonwane/broker-service/cmd/api/handlers.go:116.2,120.16 4 0
github.com/obynonwane/broker-service/cmd/api/handlers.go:120.16,124.3 3 0
github.com/obynonwane/broker-service/cmd/api/handlers.go:125.2,132.16 4 0
github.com/obynonwane/broker-service/cmd/api/handlers.go:132.16,135.3 2 0
github.com/obynonwane/broker-service/cmd/api/handlers.go:137.2,138.48 2 0
github.com/obynonwane/broker-service/cmd/api/handlers.go:138.48,142.3 3 0
github.com/obynonwane/broker-service/cmd/api/handlers.go:144.2,150.42 6 0
github.com/obynonwane/broker-service/cmd/api/handlers.go:153.66,156.36 2 0
github.com/obynonwane/broker-service/cmd/api/handlers.go:156.36,161.17 3 0
github.com/obynonwane/broker-service/cmd/api/handlers.go:161.17,164.4 2 0
github.com/obynonwane/broker-service/cmd/api/handlers.go:167.3,167.66 1 0
github.com/obynonwane/broker-service/cmd/api/handlers.go:167.66,170.4 2 0
github.com/obynonwane/broker-service/cmd/api/handlers.go:172.3,173.17 2 0
github.com/obynonwane/broker-service/cmd/api/handlers.go:173.17,174.64 1 0
github.com/obynonwane/broker-service/cmd/api/handlers.go:174.64,184.19 5 0
github.com/obynonwane/broker-service/cmd/api/handlers.go:184.19,187.6 2 0
github.com/obynonwane/broker-service/cmd/api/handlers.go:190.5,194.19 4 0
github.com/obynonwane/broker-service/cmd/api/handlers.go:194.19,197.6 2 0
github.com/obynonwane/broker-service/cmd/api/handlers.go:198.5,205.19 4 0
github.com/obynonwane/broker-service/cmd/api/handlers.go:205.19,208.6 2 0
github.com/obynonwane/broker-service/cmd/api/handlers.go:210.5,210.51 1 0
github.com/obynonwane/broker-service/cmd/api/handlers.go:210.51,213.6 2 0
github.com/obynonwane/broker-service/cmd/api/handlers.go:215.5,223.19 7 0
github.com/obynonwane/broker-service/cmd/api/handlers.go:223.19,226.6 2 0
github.com/obynonwane/broker-service/cmd/api/handlers.go:228.5,229.19 2 0
github.com/obynonwane/broker-service/cmd/api/handlers.go:229.19,231.6 1 0
github.com/obynonwane/broker-service/cmd/api/handlers.go:232.5,233.11 2 0
github.com/obynonwane/broker-service/cmd/api/handlers.go:236.9,240.18 3 0
github.com/obynonwane/broker-service/cmd/api/handlers.go:240.18,242.5 1 0
github.com/obynonwane/broker-service/cmd/api/handlers.go:244.4,246.10 3 0
github.com/obynonwane/broker-service/cmd/api/handlers.go:248.3,248.29 1 0
github.com/obynonwane/broker-service/cmd/api/handlers.go:254.66,257.16 2 0
github.com/obynonwane/broker-service/cmd/api/handlers.go:257.16,258.63 1 0
github.com/obynonwane/broker-service/cmd/api/handlers.go:258.63,272.18 6 0
github.com/obynonwane/broker-service/cmd/api/handlers.go:272.18,275.5 2 0
github.com/obynonwane/broker-service/cmd/api/handlers.go:278.4,282.18 4 0
github.com/obynonwane/broker-service/cmd/api/handlers.go:282.18,286.5 3 0
github.com/obynonwane/broker-service/cmd/api/handlers.go:287.4,294.18 4 0
github.com/obynonwane/broker-service/cmd/api/handlers.go:294.18,297.5 2 0
github.com/obynonwane/broker-service/cmd/api/handlers.go:299.4,299.50 1 0
github.com/obynonwane/broker-service/cmd/api/handlers.go:299.50,302.5 2 0
github.com/obynonwane/broker-service/cmd/api/handlers.go:304.4,312.18 7 0
github.com/obynonwane/broker-service/cmd/api/handlers.go:312.18,315.5 2 0
github.com/obynonwane/broker-service/cmd/api/handlers.go:317.4,318.18 2 0
github.com/obynonwane/broker-service/cmd/api/handlers.go:318.18,320.5 1 0
github.com/obynonwane/broker-service/cmd/api/handlers.go:321.4,322.10 2 0
github.com/obynonwane/broker-service/cmd/api/handlers.go:325.8,329.17 3 0
github.com/obynonwane/broker-service/cmd/api/handlers.go:329.17,331.4 1 0
github.com/obynonwane/broker-service/cmd/api/handlers.go:333.3,335.9 3 0
github.com/obynonwane/broker-service/cmd/api/handlers.go:337.2,337.28 1 0
github.com/obynonwane/broker-service/cmd/api/handlers.go:341.72,344.16 2 0
github.com/obynonwane/broker-service/cmd/api/handlers.go:344.16,345.63 1 0
github.com/obynonwane/broker-service/cmd/api/handlers.go:345.63,358.18 6 0
github.com/obynonwane/broker-service/cmd/api/handlers.go:358.18,361.5 2 0
github.com/obynonwane/broker-service/cmd/api/handlers.go:364.4,368.18 4 0
github.com/obynonwane/broker-service/cmd/api/handlers.go:368.18,372.5 3 0
github.com/obynonwane/broker-service/cmd/api/handlers.go:373.4,380.18 4 0
github.com/obynonwane/broker-service/cmd/api/handlers.go:380.18,383.5 2 0
github.com/obynonwane/broker-service/cmd/api/handlers.go:385.4,385.50 1 0
github.com/obynonwane/broker-service/cmd/api/handlers.go:385.50,388.5 2 0
github.com/obynonwane/broker-service/cmd/api/handlers.go:390.4,398.18 7 0
github.com/obynonwane/broker-service/cmd/api/handlers.go:398.18,401.5 2 0
github.com/obynonwane/broker-service/cmd/api/handlers.go:404.4,405.18 2 0
github.com/obynonwane/broker-service/cmd/api/handlers.go:405.18,407.5 1 0
github.com/obynonwane/broker-service/cmd/api/handlers.go:408.4,409.10 2 0
github.com/obynonwane/broker-service/cmd/api/handlers.go:411.8,415.17 3 0
github.com/obynonwane/broker-service/cmd/api/handlers.go:415.17,417.4 1 0
github.com/obynonwane/broker-service/cmd/api/handlers.go:419.3,421.9 3 0
github.com/obynonwane/broker-service/cmd/api/handlers.go:423.2,423.28 1 0
github.com/obynonwane/broker-service/cmd/api/handlers.go:426.67,441.16 5 0
github.com/obynonwane/broker-service/cmd/api/handlers.go:441.16,444.3 2 0
github.com/obynonwane/broker-service/cmd/api/handlers.go:447.2,451.16 4 0
github.com/obynonwane/broker-service/cmd/api/handlers.go:451.16,455.3 3 0
github.com/obynonwane/broker-service/cmd/api/handlers.go:456.2,463.16 4 0
github.com/obynonwane/broker-service/cmd/api/handlers.go:463.16,466.3 2 0
github.com/obynonwane/broker-service/cmd/api/handlers.go:468.2,468.48 1 0
github.com/obynonwane/broker-service/cmd/api/handlers.go:468.48,471.3 2 0
github.com/obynonwane/broker-service/cmd/api/handlers.go:473.2,479.42 6 0
github.com/obynonwane/broker-service/cmd/api/handlers.go:483.72,494.16 4 0
github.com/obynonwane/broker-service/cmd/api/handlers.go:494.16,498.3 3 0
github.com/obynonwane/broker-service/cmd/api/handlers.go:501.2,505.16 4 0
github.com/obynonwane/broker-service/cmd/api/handlers.go:505.16,508.3 2 0
github.com/obynonwane/broker-service/cmd/api/handlers.go:509.2,516.16 4 0
github.com/obynonwane/broker-service/cmd/api/handlers.go:516.16,519.3 2 0
github.com/obynonwane/broker-service/cmd/api/handlers.go:521.2,521.48 1 0
github.com/obynonwane/broker-service/cmd/api/handlers.go:521.48,524.3 2 0
github.com/obynonwane/broker-service/cmd/api/handlers.go:526.2,532.42 6 0
github.com/obynonwane/broker-service/cmd/api/handlers.go:535.73,544.2 3 0
github.com/obynonwane/broker-service/cmd/api/handlers.go:546.70,553.16 3 0
github.com/obynonwane/broker-service/cmd/api/handlers.go:553.16,556.3 2 0
github.com/obynonwane/broker-service/cmd/api/handlers.go:559.2,564.16 3 0
github.com/obynonwane/broker-service/cmd/api/handlers.go:564.16,567.3 2 0
github.com/obynonwane/broker-service/cmd/api/handlers.go:570.2,574.16 4 0
github.com/obynonwane/broker-service/cmd/api/handlers.go:574.16,577.3 2 0
github.com/obynonwane/broker-service/cmd/api/handlers.go:578.2,580.48 2 0
github.com/obynonwane/broker-service/cmd/api/handlers.go:580.48,583.3 2 0
github.com/obynonwane/broker-service/cmd/api/handlers.go:585.2,589.42 4 0
github.com/obynonwane/broker-service/cmd/api/handlers.go:592.69,595.16 2 0
github.com/obynonwane/broker-service/cmd/api/handlers.go:595.16,598.3 2 0
github.com/obynonwane/broker-service/cmd/api/handlers.go:600.2,600.20 1 0
github.com/obynonwane/broker-service/cmd/api/handlers.go:600.20,603.3 2 0
github.com/obynonwane/broker-service/cmd/api/handlers.go:605.2,605.23 1 0
github.com/obynonwane/broker-service/cmd/api/handlers.go:608.58,615.16 4 0
github.com/obynonwane/broker-service/cmd/api/handlers.go:615.16,618.3 2 0
github.com/obynonwane/broker-service/cmd/api/handlers.go:621.2,626.16 4 0
github.com/obynonwane/broker-service/cmd/api/handlers.go:626.16,630.3 3 0
github.com/obynonwane/broker-service/cmd/api/handlers.go:631.2,638.16 4 0
github.com/obynonwane/broker-service/cmd/api/handlers.go:638.16,641.3 2 0
github.com/obynonwane/broker-service/cmd/api/handlers.go:644.2,644.48 1 0
github.com/obynonwane/broker-service/cmd/api/handlers.go:644.48,647.3 2 0
github.com/obynonwane/broker-service/cmd/api/handlers.go:650.2,657.42 6 0
github.com/obynonwane/broker-service/cmd/api/handlers.go:660.83,667.16 3 0
github.com/obynonwane/broker-service/cmd/api/handlers.go:667.16,670.3 2 0
github.com/obynonwane/broker-service/cmd/api/handlers.go:673.2,673.71 1 0
github.com/obynonwane/broker-service/cmd/api/handlers.go:673.71,676.3 2 0
github.com/obynonwane/broker-service/cmd/api/handlers.go:679.2,689.16 5 0
github.com/obynonwane/broker-service/cmd/api/handlers.go:689.16,692.3 2 0
github.com/obynonwane/broker-service/cmd/api/handlers.go:695.2,702.16 5 0
github.com/obynonwane/broker-service/cmd/api/handlers.go:702.16,705.3 2 0
github.com/obynonwane/broker-service/cmd/api/handlers.go:706.2,713.16 4 0
github.com/obynonwane/broker-service/cmd/api/handlers.go:713.16,716.3 2 0
github.com/obynonwane/broker-service/cmd/api/handlers.go:718.2,719.48 2 0
github.com/obynonwane/broker-service/cmd/api/handlers.go:719.48,723.3 3 0
github.com/obynonwane/broker-service/cmd/api/handlers.go:725.2,731.42 6 0
github.com/obynonwane/broker-service/cmd/api/handlers.go:734.73,749.16 5 0
github.com/obynonwane/broker-service/cmd/api/handlers.go:749.16,752.3 2 0
github.com/obynonwane/broker-service/cmd/api/handlers.go:755.2,759.16 4 0
github.com/obynonwane/broker-service/cmd/api/handlers.go:759.16,762.3 2 0
github.com/obynonwane/broker-service/cmd/api/handlers.go:763.2,770.16 4 0
github.com/obynonwane/broker-service/cmd/api/handlers.go:770.16,773.3 2 0
github.com/obynonwane/broker-service/cmd/api/handlers.go:775.2,775.48 1 0
github.com/obynonwane/broker-service/cmd/api/handlers.go:775.48,778.3 2 0
github.com/obynonwane/broker-service/cmd/api/handlers.go:780.2,786.42 6 0
github.com/obynonwane/broker-service/cmd/api/handlers.go:790.70,805.16 5 0
github.com/obynonwane/broker-service/cmd/api/handlers.go:805.16,808.3 2 0
github.com/obynonwane/broker-service/cmd/api/handlers.go:811.2,815.16 4 0
github.com/obynonwane/broker-service/cmd/api/handlers.go:815.16,818.3 2 0
github.com/obynonwane/broker-service/cmd/api/handlers.go:819.2,826.16 4 0
github.com/obynonwane/broker-service/cmd/api/handlers.go:826.16,829.3 2 0
github.com/obynonwane/broker-service/cmd/api/handlers.go:831.2,831.48 1 0
github.com/obynonwane/broker-service/cmd/api/handlers.go:831.48,834.3 2 0
github.com/obynonwane/broker-service/cmd/api/handlers.go:836.2,842.42 6 0
github.com/obynonwane/broker-service/cmd/api/handlers.go:846.68,861.16 5 0
github.com/obynonwane/broker-service/cmd/api/handlers.go:861.16,864.3 2 0
github.com/obynonwane/broker-service/cmd/api/handlers.go:867.2,871.16 4 0
github.com/obynonwane/broker-service/cmd/api/handlers.go:871.16,874.3 2 0
github.com/obynonwane/broker-service/cmd/api/handlers.go:875.2,882.16 4 0
github.com/obynonwane/broker-service/cmd/api/handlers.go:882.16,885.3 2 0
github.com/obynonwane/broker-service/cmd/api/handlers.go:887.2,887.48 1 0
github.com/obynonwane/broker-service/cmd/api/handlers.go:887.48,890.3 2 0
github.com/obynonwane/broker-service/cmd/api/handlers.go:892.2,898.42 6 0
github.com/obynonwane/broker-service/cmd/api/handlers.go:902.76,906.14 2 0
github.com/obynonwane/broker-service/cmd/api/handlers.go:906.14,909.3 2 0
github.com/obynonwane/broker-service/cmd/api/handlers.go:912.2,913.31 2 0
github.com/obynonwane/broker-service/cmd/api/handlers.go:913.31,916.3 2 0
github.com/obynonwane/broker-service/cmd/api/handlers.go:919.2,925.16 4 0
github.com/obynonwane/broker-service/cmd/api/handlers.go:925.16,928.3 2 0
github.com/obynonwane/broker-service/cmd/api/handlers.go:931.2,937.16 5 0
github.com/obynonwane/broker-service/cmd/api/handlers.go:937.16,940.3 2 0
github.com/obynonwane/broker-service/cmd/api/handlers.go:941.2,946.16 4 0
github.com/obynonwane/broker-service/cmd/api/handlers.go:946.16,949.3 2 0
github.com/obynonwane/broker-service/cmd/api/handlers.go:951.2,951.48 1 0
github.com/obynonwane/broker-service/cmd/api/handlers.go:951.48,954.3 2 0
github.com/obynonwane/broker-service/cmd/api/handlers.go:957.2,963.42 6 0
github.com/obynonwane/broker-service/cmd/api/handlers.go:966.72,970.14 2 0
github.com/obynonwane/broker-service/cmd/api/handlers.go:970.14,973.3 2 0
github.com/obynonwane/broker-service/cmd/api/handlers.go:976.2,977.31 2 0
github.com/obynonwane/broker-service/cmd/api/handlers.go:977.31,980.3 2 0
github.com/obynonwane/broker-service/cmd/api/handlers.go:983.2,988.16 4 0
github.com/obynonwane/broker-service/cmd/api/handlers.go:988.16,991.3 2 0
github.com/obynonwane/broker-service/cmd/api/handlers.go:994.2,1000.16 5 0
github.com/obynonwane/broker-service/cmd/api/handlers.go:1000.16,1003.3 2 0
github.com/obynonwane/broker-service/cmd/api/handlers.go:1004.2,1009.16 4 0
github.com/obynonwane/broker-service/cmd/api/handlers.go:1009.16,1012.3 2 0
github.com/obynonwane/broker-service/cmd/api/handlers.go:1014.2,1014.48 1 0
github.com/obynonwane/broker-service/cmd/api/handlers.go:1014.48,1017.3 2 0
github.com/obynonwane/broker-service/cmd/api/handlers.go:1020.2,1026.42 6 0
github.com/obynonwane/broker-service/cmd/api/handlers.go:1029.70,1032.16 2 0
github.com/obynonwane/broker-service/cmd/api/handlers.go:1032.16,1035.3 2 0
github.com/obynonwane/broker-service/cmd/api/handlers.go:1038.2,1039.16 2 0
github.com/obynonwane/broker-service/cmd/api/handlers.go:1039.16,1042.3 2 0
github.com/obynonwane/broker-service/cmd/api/handlers.go:1043.2,1048.16 4 0
github.com/obynonwane/broker-service/cmd/api/handlers.go:1048.16,1051.3 2 0
github.com/obynonwane/broker-service/cmd/api/handlers.go:1054.2,1063.23 8 0
github.com/obynonwane/broker-service/cmd/api/handlers.go:1063.23,1066.3 2 0
github.com/obynonwane/broker-service/cmd/api/handlers.go:1069.2,1069.144 1 0
github.com/obynonwane/broker-service/cmd/api/handlers.go:1083.3,1093.16 5 0
github.com/obynonwane/broker-service/cmd/api/handlers.go:1093.16,1096.3 2 0
github.com/obynonwane/broker-service/cmd/api/handlers.go:1097.2,1098.16 2 0
github.com/obynonwane/broker-service/cmd/api/handlers.go:1098.16,1102.3 2 0
github.com/obynonwane/broker-service/cmd/api/handlers.go:1105.2,1118.16 10 0
github.com/obynonwane/broker-service/cmd/api/handlers.go:1118.16,1122.3 2 0
github.com/obynonwane/broker-service/cmd/api/handlers.go:1125.2,1131.16 5 0
github.com/obynonwane/broker-service/cmd/api/handlers.go:1131.16,1134.3 2 0
github.com/obynonwane/broker-service/cmd/api/handlers.go:1135.2,1140.16 4 0
github.com/obynonwane/broker-service/cmd/api/handlers.go:1140.16,1144.3 3 0
github.com/obynonwane/broker-service/cmd/api/handlers.go:1147.2,1147.48 1 0
github.com/obynonwane/broker-service/cmd/api/handlers.go:1147.48,1150.3 2 0
github.com/obynonwane/broker-service/cmd/api/handlers.go:1153.2,1162.16 3 0
github.com/obynonwane/broker-service/cmd/api/handlers.go:1162.16,1165.3 2 0
github.com/obynonwane/broker-service/cmd/api/handlers.go:1168.87,1184.16 6 0
github.com/obynonwane/broker-service/cmd/api/handlers.go:1184.16,1187.3 2 0
github.com/obynonwane/broker-service/cmd/api/handlers.go:1190.2,1194.16 4 0
github.com/obynonwane/broker-service/cmd/api/handlers.go:1194.16,1197.3 2 0
github.com/obynonwane/broker-service/cmd/api/handlers.go:1198.2,1205.16 4 0
github.com/obynonwane/broker-service/cmd/api/handlers.go:1205.16,1208.3 2 0
github.com/obynonwane/broker-service/cmd/api/handlers.go:1210.2,1210.48 1 0
github.com/obynonwane/broker-service/cmd/api/handlers.go:1210.48,1213.3 2 0
github.com/obynonwane/broker-service/cmd/api/handlers.go:1215.2,1221.42 6 0
github.com/obynonwane/broker-service/cmd/api/handlers.go:1224.74,1239.16 5 0
github.com/obynonwane/broker-service/cmd/api/handlers.go:1239.16,1242.3 2 0
github.com/obynonwane/broker-service/cmd/api/handlers.go:1245.2,1249.16 4 0
github.com/obynonwane/broker-service/cmd/api/handlers.go:1249.16,1252.3 2 0
github.com/obynonwane/broker-service/cmd/api/handlers.go:1253.2,1260.16 4 0
github.com/obynonwane/broker-service/cmd/api/handlers.go:1260.16,1263.3 2 0
github.com/obynonwane/broker-service/cmd/api/handlers.go:1265.2,1265.48 1 0
github.com/obynonwane/broker-service/cmd/api/handlers.go:1265.48,1268.3 2 0
github.com/obynonwane/broker-service/cmd/api/handlers.go:1270.2,1276.42 6 0
github.com/obynonwane/broker-service/cmd/api/handlers.go:1280.72,1287.16 3 0
github.com/obynonwane/broker-service/cmd/api/handlers.go:1287.16,1290.3 2 0
github.com/obynonwane/broker-service/cmd/api/handlers.go:1293.2,1306.16 6 0
github.com/obynonwane/broker-service/cmd/api/handlers.go:1306.16,1309.3 2 0
github.com/obynonwane/broker-service/cmd/api/handlers.go:1312.2,1316.16 4 0
github.com/obynonwane/broker-service/cmd/api/handlers.go:1316.16,1319.3 2 0
github.com/obynonwane/broker-service/cmd/api/handlers.go:1320.2,1327.16 4 0
github.com/obynonwane/broker-service/cmd/api/handlers.go:1327.16,1330.3 2 0
github.com/obynonwane/broker-service/cmd/api/handlers.go:1332.2,1333.48 2 0
github.com/obynonwane/broker-service/cmd/api/handlers.go:1333.48,1337.3 3 0
github.com/obynonwane/broker-service/cmd/api/handlers.go:1339.2,1345.42 6 0
github.com/obynonwane/broker-service/cmd/api/handlers.go:1348.72,1355.16 3 0
github.com/obynonwane/broker-service/cmd/api/handlers.go:1355.16,1358.3 2 0
github.com/obynonwane/broker-service/cmd/api/handlers.go:1361.2,1361.66 1 0
github.com/obynonwane/broker-service/cmd/api/handlers.go:1361.66,1364.3 2 0
github.com/obynonwane/broker-service/cmd/api/handlers.go:1367.2,1374.16 4 0
github.com/obynonwane/broker-service/cmd/api/handlers.go:1374.16,1378.3 3 0
github.com/obynonwane/broker-service/cmd/api/handlers.go:1381.2,1385.16 4 0
github.com/obynonwane/broker-service/cmd/api/handlers.go:1385.16,1389.3 3 0
github.com/obynonwane/broker-service/cmd/api/handlers.go:1390.2,1397.16 4 0
github.com/obynonwane/broker-service/cmd/api/handlers.go:1397.16,1400.3 2 0
github.com/obynonwane/broker-service/cmd/api/handlers.go:1402.2,1403.48 2 0
github.com/obynonwane/broker-service/cmd/api/handlers.go:1403.48,1407.3 3 0
github.com/obynonwane/broker-service/cmd/api/handlers.go:1409.2,1415.42 6 0
github.com/obynonwane/broker-service/cmd/api/handlers.go:1419.37,1423.38 3 0
github.com/obynonwane/broker-service/cmd/api/handlers.go:1423.38,1428.3 3 0
github.com/obynonwane/broker-service/cmd/api/handlers.go:1431.68,1438.2 2 0
github.com/obynonwane/broker-service/cmd/api/handlers.go:1440.71,1443.16 2 0
github.com/obynonwane/broker-service/cmd/api/handlers.go:1443.16,1446.3 2 0
github.com/obynonwane/broker-service/cmd/api/handlers.go:1449.2,1457.16 4 0
github.com/obynonwane/broker-service/cmd/api/handlers.go:1457.16,1460.3 2 0
github.com/obynonwane/broker-service/cmd/api/handlers.go:1462.2,1467.42 2 0
github.com/obynonwane/broker-service/cmd/api/handlers.go:1481.76,1485.16 2 0
github.com/obynonwane/broker-service/cmd/api/handlers.go:1485.16,1488.3 2 0
github.com/obynonwane/broker-service/cmd/api/handlers.go:1490.2,1490.20 1 0
github.com/obynonwane/broker-service/cmd/api/handlers.go:1490.20,1493.3 2 0
github.com/obynonwane/broker-service/cmd/api/handlers.go:1496.2,1497.26 2 0
github.com/obynonwane/broker-service/cmd/api/handlers.go:1497.26,1500.10 2 0
github.com/obynonwane/broker-service/cmd/api/handlers.go:1500.10,1503.4 2 0
github.com/obynonwane/broker-service/cmd/api/handlers.go:1506.3,1507.10 2 0
github.com/obynonwane/broker-service/cmd/api/handlers.go:1507.10,1510.4 2 0
github.com/obynonwane/broker-service/cmd/api/handlers.go:1513.3,1514.10 2 0
github.com/obynonwane/broker-service/cmd/api/handlers.go:1514.10,1517.4 2 0
github.com/obynonwane/broker-service/cmd/api/handlers.go:1520.2,1521.16 2 0
github.com/obynonwane/broker-service/cmd/api/handlers.go:1521.16,1524.3 2 0
github.com/obynonwane/broker-service/cmd/api/handlers.go:1526.2,1534.35 7 0
github.com/obynonwane/broker-service/cmd/api/handlers.go:1534.35,1536.17 2 0
github.com/obynonwane/broker-service/cmd/api/handlers.go:1536.17,1539.4 2 0
github.com/obynonwane/broker-service/cmd/api/handlers.go:1540.3,1545.17 4 0
github.com/obynonwane/broker-service/cmd/api/handlers.go:1545.17,1548.4 2 0
github.com/obynonwane/broker-service/cmd/api/handlers.go:1551.3,1560.5 3 0
github.com/obynonwane/broker-service/cmd/api/handlers.go:1563.2,1564.16 2 0
github.com/obynonwane/broker-service/cmd/api/handlers.go:1564.16,1567.3 2 0
github.com/obynonwane/broker-service/cmd/api/handlers.go:1570.2,1585.16 6 0
github.com/obynonwane/broker-service/cmd/api/handlers.go:1585.16,1588.3 2 0
github.com/obynonwane/broker-service/cmd/api/handlers.go:1590.2,1596.48 6 0
github.com/obynonwane/broker-service/cmd/api/handlers.go:1600.76,1603.16 2 0
github.com/obynonwane/broker-service/cmd/api/handlers.go:1603.16,1606.3 2 0
github.com/obynonwane/broker-service/cmd/api/handlers.go:1607.2,1618.12 7 0
github.com/obynonwane/broker-service/cmd/api/handlers.go:1618.12,1620.17 2 0
github.com/obynonwane/broker-service/cmd/api/handlers.go:1620.17,1623.4 2 0
github.com/obynonwane/broker-service/cmd/api/handlers.go:1624.3,1624.26 1 0
github.com/obynonwane/broker-service/cmd/api/handlers.go:1628.2,1628.9 1 0
github.com/obynonwane/broker-service/cmd/api/handlers.go:1629.33,1636.49 5 0
github.com/obynonwane/broker-service/cmd/api/handlers.go:1638.29,1641.29 2 0
github.com/obynonwane/broker-service/cmd/api/handlers.go:1643.20,1646.62 2 0
github.com/obynonwane/broker-service/cmd/api/handlers.go:1650.74,1653.16 2 0
github.com/obynonwane/broker-service/cmd/api/handlers.go:1653.16,1656.3 2 0
github.com/obynonwane/broker-service/cmd/api/handlers.go:1657.2,1668.12 7 0
github.com/obynonwane/broker-service/cmd/api/handlers.go:1668.12,1670.17 2 0
github.com/obynonwane/broker-service/cmd/api/handlers.go:1670.17,1673.4 2 0
github.com/obynonwane/broker-service/cmd/api/handlers.go:1675.3,1675.26 1 0
github.com/obynonwane/broker-service/cmd/api/handlers.go:1678.2,1678.9 1 0
github.com/obynonwane/broker-service/cmd/api/handlers.go:1680.33,1687.49 6 0
github.com/obynonwane/broker-service/cmd/api/handlers.go:1689.29,1691.29 2 0
github.com/obynonwane/broker-service/cmd/api/handlers.go:1693.20,1696.62 2 0
github.com/obynonwane/broker-service/cmd/api/handlers.go:1701.77,1704.16 2 0
github.com/obynonwane/broker-service/cmd/api/handlers.go:1704.16,1707.3 2 0
github.com/obynonwane/broker-service/cmd/api/handlers.go:1708.2,1719.12 7 0
github.com/obynonwane/broker-service/cmd/api/handlers.go:1719.12,1721.17 2 0
github.com/obynonwane/broker-service/cmd/api/handlers.go:1721.17,1724.4 2 0
github.com/obynonwane/broker-service/cmd/api/handlers.go:1726.3,1726.26 1 0
github.com/obynonwane/broker-service/cmd/api/handlers.go:1729.2,1729.9 1 0
github.com/obynonwane/broker-service/cmd/api/handlers.go:1731.33,1738.49 6 0
github.com/obynonwane/broker-service/cmd/api/handlers.go:1740.29,1742.29 2 0
github.com/obynonwane/broker-service/cmd/api/handlers.go:1744.20,1747.62 2 0
github.com/obynonwane/broker-service/cmd/api/handlers.go:1752.85,1759.16 3 0
github.com/obynonwane/broker-service/cmd/api/handlers.go:1759.16,1762.3 2 0
github.com/obynonwane/broker-service/cmd/api/handlers.go:1763.2,1774.12 7 0
github.com/obynonwane/broker-service/cmd/api/handlers.go:1774.12,1776.17 2 0
github.com/obynonwane/broker-service/cmd/api/handlers.go:1776.17,1779.4 2 0
github.com/obynonwane/broker-service/cmd/api/handlers.go:1781.3,1781.26 1 0
github.com/obynonwane/broker-service/cmd/api/handlers.go:1784.2,1784.9 1 0
github.com/obynonwane/broker-service/cmd/api/handlers.go:1786.33,1793.49 6 0
github.com/obynonwane/broker-service/cmd/api/handlers.go:1795.29,1797.29 2 0
github.com/obynonwane/broker-service/cmd/api/handlers.go:1799.20,1802.62 2 0
github.com/obynonwane/broker-service/cmd/api/handlers.go:1808.76,1812.16 2 0
github.com/obynonwane/broker-service/cmd/api/handlers.go:1812.16,1815.3 2 0
github.com/obynonwane/broker-service/cmd/api/handlers.go:1816.2,1831.21 8 0
github.com/obynonwane/broker-service/cmd/api/handlers.go:1831.21,1833.17 2 0
github.com/obynonwane/broker-service/cmd/api/handlers.go:1833.17,1837.4 2 0
github.com/obynonwane/broker-service/cmd/api/handlers.go:1838.3,1838.26 1 0
github.com/obynonwane/broker-service/cmd/api/handlers.go:1842.2,1842.9 1 0
github.com/obynonwane/broker-service/cmd/api/handlers.go:1843.33,1850.49 6 0
github.com/obynonwane/broker-service/cmd/api/handlers.go:1852.29,1854.29 2 0
github.com/obynonwane/broker-service/cmd/api/handlers.go:1856.20,1859.62 2 0
github.com/obynonwane/broker-service/cmd/api/handlers.go:1865.96,1868.16 2 0
github.com/obynonwane/broker-service/cmd/api/handlers.go:1868.16,1870.3 1 0
github.com/obynonwane/broker-service/cmd/api/handlers.go:1872.2,1872.20 1 0
github.com/obynonwane/broker-service/cmd/api/handlers.go:1872.20,1874.3 1 0
github.com/obynonwane/broker-service/cmd/api/handlers.go:1877.2,1878.26 2 0
github.com/obynonwane/broker-service/cmd/api/handlers.go:1878.26,1881.10 2 0
github.com/obynonwane/broker-service/cmd/api/handlers.go:1881.10,1883.4 1 0
github.com/obynonwane/broker-service/cmd/api/handlers.go:1886.3,1887.10 2 0
github.com/obynonwane/broker-service/cmd/api/handlers.go:1887.10,1889.4 1 0
github.com/obynonwane/broker-service/cmd/api/handlers.go:1892.3,1893.10 2 0
github.com/obynonwane/broker-service/cmd/api/handlers.go:1893.10,1895.4 1 0
github.com/obynonwane/broker-service/cmd/api/handlers.go:1898.2,1898.20 1 0
github.com/obynonwane/broker-service/cmd/api/handlers.go:1901.74,1905.19 3 0
github.com/obynonwane/broker-service/cmd/api/handlers.go:1905.19,1908.3 2 0
github.com/obynonwane/broker-service/cmd/api/handlers.go:1909.2,1910.24 2 0
github.com/obynonwane/broker-service/cmd/api/handlers.go:1910.24,1913.3 2 0
github.com/obynonwane/broker-service/cmd/api/handlers.go:1915.2,1916.18 2 0
github.com/obynonwane/broker-service/cmd/api/handlers.go:1916.18,1919.3 2 0
github.com/obynonwane/broker-service/cmd/api/handlers.go:1922.2,1923.16 2 0
github.com/obynonwane/broker-service/cmd/api/handlers.go:1923.16,1926.3 2 0
github.com/obynonwane/broker-service/cmd/api/handlers.go:1927.2,1931.16 3 0
github.com/obynonwane/broker-service/cmd/api/handlers.go:1931.16,1934.3 2 0
github.com/obynonwane/broker-service/cmd/api/handlers.go:1937.2,1938.16 2 0
github.com/obynonwane/broker-service/cmd/api/handlers.go:1938.16,1941.3 2 0
github.com/obynonwane/broker-service/cmd/api/handlers.go:1942.2,1950.66 7 0
github.com/obynonwane/broker-service/cmd/api/handlers.go:1950.66,1957.17 2 0
github.com/obynonwane/broker-service/cmd/api/handlers.go:1957.17,1959.4 1 0
github.com/obynonwane/broker-service/cmd/api/handlers.go:1960.3,1960.21 1 0
github.com/obynonwane/broker-service/cmd/api/handlers.go:1964.2,1964.9 1 0
github.com/obynonwane/broker-service/cmd/api/handlers.go:1965.26,1972.49 6 0
github.com/obynonwane/broker-service/cmd/api/handlers.go:1974.29,1976.29 2 0
github.com/obynonwane/broker-service/cmd/api/handlers.go:1978.20,1981.62 2 0
github.com/obynonwane/broker-service/cmd/api/handlers.go:1986.69,1990.19 3 0
github.com/obynonwane/broker-service/cmd/api/handlers.go:1990.19,1993.3 2 0
github.com/obynonwane/broker-service/cmd/api/handlers.go:1994.2,1995.19 2 0
github.com/obynonwane/broker-service/cmd/api/handlers.go:1995.19,1998.3 2 0
github.com/obynonwane/broker-service/cmd/api/handlers.go:2000.2,2001.18 2 0
github.com/obynonwane/broker-service/cmd/api/handlers.go:2001.18,2004.3 2 0
github.com/obynonwane/broker-service/cmd/api/handlers.go:2007.2,2008.16 2 0
github.com/obynonwane/broker-service/cmd/api/handlers.go:2008.16,2011.3 2 0
github.com/obynonwane/broker-service/cmd/api/handlers.go:2012.2,2016.16 3 0
github.com/obynonwane/broker-service/cmd/api/handlers.go:2016.16,2019.3 2 0
github.com/obynonwane/broker-service/cmd/api/handlers.go:2022.2,2023.16 2 0
github.com/obynonwane/broker-service/cmd/api/handlers.go:2023.16,2026.3 2 0
github.com/obynonwane/broker-service/cmd/api/handlers.go:2027.2,2035.61 7 0
github.com/obynonwane/broker-service/cmd/api/handlers.go:2035.61,2042.17 2 0
github.com/obynonwane/broker-service/cmd/api/handlers.go:2042.17,2044.4 1 0
github.com/obynonwane/broker-service/cmd/api/handlers.go:2045.3,2045.21 1 0
github.com/obynonwane/broker-service/cmd/api/handlers.go:2049.2,2049.9 1 0
github.com/obynonwane/broker-service/cmd/api/handlers.go:2050.26,2057.49 6 0
github.com/obynonwane/broker-service/cmd/api/handlers.go:2059.29,2061.29 2 0
github.com/obynonwane/broker-service/cmd/api/handlers.go:2063.20,2066.62 2 0
github.com/obynonwane/broker-service/cmd/api/helpers.go:19.85,27.16 5 0
github.com/obynonwane/broker-service/cmd/api/helpers.go:27.16,29.3 1 0
github.com/obynonwane/broker-service/cmd/api/helpers.go:32.2,33.19 2 0
github.com/obynonwane/broker-service/cmd/api/helpers.go:33.19,35.3 1 0
github.com/obynonwane/broker-service/cmd/api/helpers.go:37.2,37.12 1 0
github.com/obynonwane/broker-service/cmd/api/helpers.go:41.105,46.16 2 0
github.com/obynonwane/broker-service/cmd/api/helpers.go:46.16,48.3 1 0
github.com/obynonwane/broker-service/cmd/api/helpers.go:51.2,51.22 1 0
github.com/obynonwane/broker-service/cmd/api/helpers.go:51.22,52.38 1 0
github.com/obynonwane/broker-service/cmd/api/helpers.go:52.38,54.4 1 0
github.com/obynonwane/broker-service/cmd/api/helpers.go:57.2,60.16 4 0
github.com/obynonwane/broker-service/cmd/api/helpers.go:60.16,62.3 1 0
github.com/obynonwane/broker-service/cmd/api/helpers.go:64.2,64.12 1 0
github.com/obynonwane/broker-service/cmd/api/helpers.go:69.95,71.21 2 0
github.com/obynonwane/broker-service/cmd/api/helpers.go:71.21,73.3 1 0
github.com/obynonwane/broker-service/cmd/api/helpers.go:75.2,81.46 6 0
github.com/obynonwane/broker-service/cmd/api/helpers.go:84.68,93.16 3 0
github.com/obynonwane/broker-service/cmd/api/helpers.go:93.16,96.3 1 0
github.com/obynonwane/broker-service/cmd/api/helpers.go:99.2,107.16 5 0
github.com/obynonwane/broker-service/cmd/api/helpers.go:107.16,110.3 1 0
github.com/obynonwane/broker-service/cmd/api/helpers.go:111.2,118.16 4 0
github.com/obynonwane/broker-service/cmd/api/helpers.go:118.16,120.3 1 0
github.com/obynonwane/broker-service/cmd/api/helpers.go:123.2,129.27 6 0
github.com/obynonwane/broker-service/cmd/api/helpers.go:129.27,131.3 1 0
github.com/obynonwane/broker-service/cmd/api/helpers.go:133.2,133.21 1 0
github.com/obynonwane/broker-service/cmd/api/main.go:23.13,25.16 2 0
github.com/obynonwane/broker-service/cmd/api/main.go:25.16,27.3 1 0
github.com/obynonwane/broker-service/cmd/api/main.go:28.2,44.16 6 0
github.com/obynonwane/broker-service/cmd/api/main.go:44.16,46.3 1 0
github.com/obynonwane/broker-service/cmd/api/metrics.go:95.29,96.6 1 0
github.com/obynonwane/broker-service/cmd/api/metrics.go:96.6,110.3 7 0
github.com/obynonwane/broker-service/cmd/api/metrics.go:114.28,117.2 1 0
github.com/obynonwane/broker-service/cmd/api/metrics.go:120.59,121.71 1 0
github.com/obynonwane/broker-service/cmd/api/metrics.go:121.71,125.16 3 0
github.com/obynonwane/broker-service/cmd/api/metrics.go:125.16,132.26 4 0
github.com/obynonwane/broker-service/cmd/api/metrics.go:132.26,134.5 1 0
github.com/obynonwane/broker-service/cmd/api/metrics.go:138.3,138.24 1 0
github.com/obynonwane/broker-service/cmd/api/metrics.go:143.56,155.2 5 0
github.com/obynonwane/broker-service/cmd/api/mock_handler.go:41.70,42.25 1 1
github.com/obynonwane/broker-service/cmd/api/mock_handler.go:42.25,44.3 1 1
github.com/obynonwane/broker-service/cmd/api/mock_handler.go:47.69,48.24 1 0
github.com/obynonwane/broker-service/cmd/api/mock_handler.go:48.24,50.3 1 0
github.com/obynonwane/broker-service/cmd/api/routes.go:13.42,68.2 34 1
github.com/obynonwane/broker-service/cmd/api/validation.go:17.75,20.34 2 0
github.com/obynonwane/broker-service/cmd/api/validation.go:20.34,22.3 1 0
github.com/obynonwane/broker-service/cmd/api/validation.go:24.2,24.37 1 0
github.com/obynonwane/broker-service/cmd/api/validation.go:24.37,26.3 1 0
github.com/obynonwane/broker-service/cmd/api/validation.go:28.2,28.30 1 0
github.com/obynonwane/broker-service/cmd/api/validation.go:28.30,30.3 1 0
github.com/obynonwane/broker-service/cmd/api/validation.go:32.2,32.15 1 0
github.com/obynonwane/broker-service/cmd/api/validation.go:35.77,38.42 2 0
github.com/obynonwane/broker-service/cmd/api/validation.go:38.42,40.3 1 0
github.com/obynonwane/broker-service/cmd/api/validation.go:42.2,42.40 1 0
github.com/obynonwane/broker-service/cmd/api/validation.go:42.40,44.3 1 0
github.com/obynonwane/broker-service/cmd/api/validation.go:46.2,46.34 1 0
github.com/obynonwane/broker-service/cmd/api/validation.go:46.34,48.3 1 0
github.com/obynonwane/broker-service/cmd/api/validation.go:50.2,50.34 1 0
github.com/obynonwane/broker-service/cmd/api/validation.go:50.34,52.3 1 0
github.com/obynonwane/broker-service/cmd/api/validation.go:54.2,54.30 1 0
github.com/obynonwane/broker-service/cmd/api/validation.go:54.30,56.3 1 0
github.com/obynonwane/broker-service/cmd/api/validation.go:58.2,58.15 1 0
github.com/obynonwane/broker-service/cmd/api/validation.go:61.87,64.42 2 0
github.com/obynonwane/broker-service/cmd/api/validation.go:64.42,66.3 1 0
github.com/obynonwane/broker-service/cmd/api/validation.go:68.2,68.40 1 0
github.com/obynonwane/broker-service/cmd/api/validation.go:68.40,70.3 1 0
github.com/obynonwane/broker-service/cmd/api/validation.go:72.2,72.34 1 0
github.com/obynonwane/broker-service/cmd/api/validation.go:72.34,74.3 1 0
github.com/obynonwane/broker-service/cmd/api/validation.go:76.2,76.34 1 0
github.com/obynonwane/broker-service/cmd/api/validation.go:76.34,78.3 1 0
github.com/obynonwane/broker-service/cmd/api/validation.go:80.2,80.30 1 0
github.com/obynonwane/broker-service/cmd/api/validation.go:80.30,82.3 1 0
github.com/obynonwane/broker-service/cmd/api/validation.go:84.2,84.15 1 0
github.com/obynonwane/broker-service/cmd/api/validation.go:87.34,90.2 2 0
